<?xml version="1.0" encoding="UTF-8"?>
<testsuite xmlns:xsi="http://www.w3.org/2001/XMLSchema-instance" xsi:noNamespaceSchemaLocation="https://maven.apache.org/surefire/maven-surefire-plugin/xsd/surefire-test-report.xsd" version="3.0.2" name="com.logistica.logistica_servicio.LogisticaControladorTest" time="0.595" tests="5" errors="5" skipped="0" failures="0">
  <properties>
[...]
</properties>
  <testcase name="listarTodos" classname="com.logistica.logistica_servicio.LogisticaControladorTest" time="0.023">
    <error message="Cannot invoke &quot;com.logistica.logistica_servicio.repositorio.LogisticaRepositorio.findAll()&quot; because &quot;this.logisticaRepositorio&quot; is null" type="java.lang.NullPointerException"><![CDATA[java.lang.NullPointerException: Cannot invoke "com.logistica.logistica_servicio.repositorio.LogisticaRepositorio.findAll()" because "this.logisticaRepositorio" is null
	at com.logistica.logistica_servicio.LogisticaControladorTest.listarTodos(LogisticaControladorTest.java:33)
	at java.base/java.lang.reflect.Method.invoke(Method.java:565)
	at java.base/java.util.ArrayList.forEach(ArrayList.java:1604)
	at java.base/java.util.ArrayList.forEach(ArrayList.java:1604)
]]></error>
  </testcase>
  <testcase name="actualizar" classname="com.logistica.logistica_servicio.LogisticaControladorTest" time="0.003">
    <error message="Cannot invoke &quot;com.logistica.logistica_servicio.repositorio.LogisticaRepositorio.findById(Object)&quot; because &quot;this.logisticaRepositorio&quot; is null" type="java.lang.NullPointerException"><![CDATA[java.lang.NullPointerException: Cannot invoke "com.logistica.logistica_servicio.repositorio.LogisticaRepositorio.findById(Object)" because "this.logisticaRepositorio" is null
	at com.logistica.logistica_servicio.LogisticaControladorTest.actualizar(LogisticaControladorTest.java:65)
	at java.base/java.lang.reflect.Method.invoke(Method.java:565)
	at java.base/java.util.ArrayList.forEach(ArrayList.java:1604)
	at java.base/java.util.ArrayList.forEach(ArrayList.java:1604)
]]></error>
  </testcase>
  <testcase name="eliminar" classname="com.logistica.logistica_servicio.LogisticaControladorTest" time="0.548">
    <error message="&#10;Argument passed to when() is null!&#10;Example of correct stubbing:&#10;    doThrow(new RuntimeException()).when(mock).someMethod();&#10;Also, if you use @Mock annotation don&apos;t miss openMocks()" type="org.mockito.exceptions.misusing.NullInsteadOfMockException"><![CDATA[org.mockito.exceptions.misusing.NullInsteadOfMockException: 

Argument passed to when() is null!
Example of correct stubbing:
    doThrow(new RuntimeException()).when(mock).someMethod();
Also, if you use @Mock annotation don't miss openMocks()
	at com.logistica.logistica_servicio.LogisticaControladorTest.eliminar(LogisticaControladorTest.java:77)
	at java.base/java.lang.reflect.Method.invoke(Method.java:565)
	at java.base/java.util.ArrayList.forEach(ArrayList.java:1604)
	at java.base/java.util.ArrayList.forEach(ArrayList.java:1604)
]]></error>
    <system-err><![CDATA[Mockito is currently self-attaching to enable the inline-mock-maker. This will no longer work in future releases of the JDK. Please add Mockito as an agent to your build what is described in Mockito's documentation: https://javadoc.io/doc/org.mockito/mockito-core/latest/org/mockito/Mockito.html#0.3
WARNING: A Java agent has been loaded dynamically (/Users/jxmartii/.m2/repository/net/bytebuddy/byte-buddy-agent/1.15.11/byte-buddy-agent-1.15.11.jar)
WARNING: If a serviceability tool is in use, please run with -XX:+EnableDynamicAgentLoading to hide this warning
WARNING: If a serviceability tool is not in use, please run with -Djdk.instrument.traceUsage for more information
WARNING: Dynamic loading of agents will be disallowed by default in a future release
]]></system-err>
  </testcase>
  <testcase name="guardar" classname="com.logistica.logistica_servicio.LogisticaControladorTest" time="0.001">
    <error message="Cannot invoke &quot;com.logistica.logistica_servicio.repositorio.LogisticaRepositorio.save(Object)&quot; because &quot;this.logisticaRepositorio&quot; is null" type="java.lang.NullPointerException"><![CDATA[java.lang.NullPointerException: Cannot invoke "com.logistica.logistica_servicio.repositorio.LogisticaRepositorio.save(Object)" because "this.logisticaRepositorio" is null
	at com.logistica.logistica_servicio.LogisticaControladorTest.guardar(LogisticaControladorTest.java:54)
	at java.base/java.lang.reflect.Method.invoke(Method.java:565)
	at java.base/java.util.ArrayList.forEach(ArrayList.java:1604)
	at java.base/java.util.ArrayList.forEach(ArrayList.java:1604)
]]></error>
  </testcase>
  <testcase name="buscarPorId" classname="com.logistica.logistica_servicio.LogisticaControladorTest" time="0.001">
    <error message="Cannot invoke &quot;com.logistica.logistica_servicio.repositorio.LogisticaRepositorio.findById(Object)&quot; because &quot;this.logisticaRepositorio&quot; is null" type="java.lang.NullPointerException"><![CDATA[java.lang.NullPointerException: Cannot invoke "com.logistica.logistica_servicio.repositorio.LogisticaRepositorio.findById(Object)" because "this.logisticaRepositorio" is null
	at com.logistica.logistica_servicio.LogisticaControladorTest.buscarPorId(LogisticaControladorTest.java:43)
	at java.base/java.lang.reflect.Method.invoke(Method.java:565)
	at java.base/java.util.ArrayList.forEach(ArrayList.java:1604)
	at java.base/java.util.ArrayList.forEach(ArrayList.java:1604)
]]></error>
  </testcase>
</testsuite>